Unity Editor version:    2020.3.17f1 (a4537701e4ab)
Branch:                  2020.3/staging
Build type:              Release
Batch mode:              YES
macOS version:           Version 10.15.7 (Build 19H2)
Darwin version:          19.6.0
Architecture:            x86_64
Running under Rosetta:   NO
Available memory:        8192 MB
Using pre-set license
Pro License: NO

COMMAND LINE ARGUMENTS:
/Applications/Unity/Hub/Editor/2020.3.17f1/Unity.app/Contents/MacOS/Unity
-adb2
-batchMode
-noUpm
-name
AssetImportWorker0
-projectPath
/Users/keikayoung/Documents/GitHub/Practice Multiplayer
-logFile
Logs/AssetImportWorker0.log
-srvPort
57613
Successfully changed project path to: /Users/keikayoung/Documents/GitHub/Practice Multiplayer
/Users/keikayoung/Documents/GitHub/Practice Multiplayer
Using Asset Import Pipeline V2.
Refreshing native plugins compatible for Editor in 92.39 ms, found 3 plugins.
Preloading 0 native plugins for Editor in 0.00 ms.
Initialize engine version: 2020.3.17f1 (a4537701e4ab)
[Subsystems] Discovering subsystems at path /Applications/Unity/Hub/Editor/2020.3.17f1/Unity.app/Contents/Resources/UnitySubsystems
[Subsystems] Discovering subsystems at path /Users/keikayoung/Documents/GitHub/Practice Multiplayer/Assets
GfxDevice: creating device client; threaded=0
2021-09-22 11:39:36.572 Unity[79174:5399537] Color LCD preferred device: Intel(R) Iris(TM) Plus Graphics 645 (low power)
2021-09-22 11:39:36.572 Unity[79174:5399537] Metal devices available: 1
2021-09-22 11:39:36.572 Unity[79174:5399537] 0: Intel(R) Iris(TM) Plus Graphics 645 (low power)
2021-09-22 11:39:36.573 Unity[79174:5399537] Using device Intel(R) Iris(TM) Plus Graphics 645 (low power)
Initializing Metal device caps: Intel(R) Iris(TM) Plus Graphics 645
Initialize mono
Mono path[0] = '/Applications/Unity/Hub/Editor/2020.3.17f1/Unity.app/Contents/Managed'
Mono path[1] = '/Applications/Unity/Hub/Editor/2020.3.17f1/Unity.app/Contents/MonoBleedingEdge/lib/mono/unityjit'
Mono config path = '/Applications/Unity/Hub/Editor/2020.3.17f1/Unity.app/Contents/MonoBleedingEdge/etc'
Using monoOptions --debugger-agent=transport=dt_socket,embedding=1,server=y,suspend=n,address=127.0.0.1:56174
Begin MonoManager ReloadAssembly
Registering precompiled unity dll's ...
Register platform support module: /Applications/Unity/Hub/Editor/2020.3.17f1/Unity.app/Contents/PlaybackEngines/MacStandaloneSupport/UnityEditor.OSXStandalone.Extensions.dll
Registered in 0.002742 seconds.
Native extension for OSXStandalone target not found
Refreshing native plugins compatible for Editor in 193.29 ms, found 3 plugins.
Preloading 0 native plugins for Editor in 0.00 ms.
Mono: successfully reloaded assembly
- Completed reload, in  7.840 seconds
Domain Reload Profiling:
	ReloadAssembly (7840ms)
		BeginReloadAssembly (90ms)
			ExecutionOrderSort (0ms)
			DisableScriptedObjects (0ms)
			BackupInstance (0ms)
			ReleaseScriptingObjects (0ms)
			CreateAndSetChildDomain (2ms)
		EndReloadAssembly (1495ms)
			LoadAssemblies (90ms)
			RebuildTransferFunctionScriptingTraits (0ms)
			SetupTypeCache (479ms)
			ReleaseScriptCaches (0ms)
			RebuildScriptCaches (128ms)
			SetupLoadedEditorAssemblies (731ms)
				LogAssemblyErrors (0ms)
				InitializePlatformSupportModulesInManaged (15ms)
				SetLoadedEditorAssemblies (1ms)
				RefreshPlugins (193ms)
				BeforeProcessingInitializeOnLoad (36ms)
				ProcessInitializeOnLoadAttributes (331ms)
				ProcessInitializeOnLoadMethodAttributes (155ms)
				AfterProcessingInitializeOnLoad (0ms)
				EditorAssembliesLoaded (0ms)
			ExecutionOrderSort2 (0ms)
			AwakeInstancesAfterBackupRestoration (0ms)
Platform modules already initialized, skipping
Registering precompiled user dll's ...
Registered in 0.029663 seconds.
Begin MonoManager ReloadAssembly
Native extension for OSXStandalone target not found
Refreshing native plugins compatible for Editor in 169.13 ms, found 3 plugins.
Preloading 0 native plugins for Editor in 0.00 ms.
Mono: successfully reloaded assembly
- Completed reload, in  5.740 seconds
Domain Reload Profiling:
	ReloadAssembly (5741ms)
		BeginReloadAssembly (444ms)
			ExecutionOrderSort (0ms)
			DisableScriptedObjects (11ms)
			BackupInstance (0ms)
			ReleaseScriptingObjects (0ms)
			CreateAndSetChildDomain (91ms)
		EndReloadAssembly (5081ms)
			LoadAssemblies (271ms)
			RebuildTransferFunctionScriptingTraits (0ms)
			SetupTypeCache (1528ms)
			ReleaseScriptCaches (8ms)
			RebuildScriptCaches (437ms)
			SetupLoadedEditorAssemblies (2089ms)
				LogAssemblyErrors (0ms)
				InitializePlatformSupportModulesInManaged (13ms)
				SetLoadedEditorAssemblies (1ms)
				RefreshPlugins (169ms)
				BeforeProcessingInitializeOnLoad (343ms)
				ProcessInitializeOnLoadAttributes (1500ms)
				ProcessInitializeOnLoadMethodAttributes (58ms)
				AfterProcessingInitializeOnLoad (5ms)
				EditorAssembliesLoaded (0ms)
			ExecutionOrderSort2 (0ms)
			AwakeInstancesAfterBackupRestoration (23ms)
Platform modules already initialized, skipping
Validating Project structure ... 0.019897 seconds.
Shader import version has changed; will reimport all shaders...
Upgrading shader files ...0.026907 seconds.
Application.AssetDatabase Initial Script Refresh Start
RefreshInfo: InitialScriptRefreshV2(NoUpdateAssetOptions) scanfilter:  ... 1 filters
RefreshProfiler: Total: 0.000ms
Application.AssetDatabase Initial Script Refresh End
Application.AssetDatabase.Refresh Start
Application.AssetDatabase.Refresh End
RefreshInfo: StopAssetImportingV2(ForceSynchronousImport) scanfilter: 
RefreshProfiler: Total: 0.000ms
Launching external process: /Applications/Unity/Hub/Editor/2020.3.17f1/Unity.app/Contents/Tools/UnityShaderCompiler
Launched and connected shader compiler UnityShaderCompiler after 0.03 seconds
Initializing Unity extensions:
========================================================================
Worker process is ready to serve import requests
Refreshing native plugins compatible for Editor in 1.91 ms, found 3 plugins.
Preloading 0 native plugins for Editor in 0.00 ms.
Unloading 2328 Unused Serialized files (Serialized files now loaded: 0)
System memory in use before: 204.9 MB.
System memory in use after: 204.2 MB.

Unloading 254 unused Assets to reduce memory usage. Loaded Objects now: 2800.
Total: 9.566662 ms (FindLiveObjects: 0.637065 ms CreateObjectMapping: 0.328083 ms MarkObjects: 6.884592 ms  DeleteObjects: 1.714256 ms)

AssetImportParameters requested are different than current active one (requested -> active):
  custom:video-decoder-ogg-theora: a1e56fd34408186e4bbccfd4996cb3dc -> 
  custom:container-muxer-webm: aa71ff27fc2769a1b78a27578f13a17b -> 
  custom:container-demuxer-webm: 4f35f7cbe854078d1ac9338744f61a02 -> 
  custom:container-demuxer-ogg: 62fdf1f143b41e24485cea50d1cbac27 -> 
  custom:video-encoder-webm-vp8: eb34c28f22e8b96e1ab97ce403110664 -> 
  custom:framework-osx-AVFoundation: b23960f63f64bdc6ff669e2cdcee2391 -> 
  custom:video-decoder-webm-vp8: 9c59270c3fd7afecdb556c50c9e8de78 -> 
  custom:audio-decoder-ogg-vorbis: bf7c407c2cedff20999df2af8eb42d56 -> 
  custom:audio-encoder-webm-vorbis: bf7c407c2cedff20999df2af8eb42d56 -> 
========================================================================
Received Import Request.
  path: Assets/Scenes/Room 1.unity
  artifactKey: Guid(091156bc15b6c4319854b2a5de64ee64) Importer(815301076,1909f56bfc062723c751e8b465ee728b)
Start importing Assets/Scenes/Room 1.unity using Guid(091156bc15b6c4319854b2a5de64ee64) Importer(815301076,1909f56bfc062723c751e8b465ee728b)  -> (artifact id: '9b803f8bf6dd51e71f4eb34836fbe2cc') in 0.363127 seconds 
  Import took 0.416384 seconds .

========================================================================
Received Import Request.
  Time since last request: 4.116436 seconds.
  path: Assets/Scenes/Room for 1.unity
  artifactKey: Guid(091156bc15b6c4319854b2a5de64ee64) Importer(815301076,1909f56bfc062723c751e8b465ee728b)
Start importing Assets/Scenes/Room for 1.unity using Guid(091156bc15b6c4319854b2a5de64ee64) Importer(815301076,1909f56bfc062723c751e8b465ee728b)  -> (artifact id: '40f1c5f950058b2b44b014dd72ed9751') in 0.002608 seconds 
  Import took 0.013179 seconds .

========================================================================
Received Import Request.
  Time since last request: 231.971787 seconds.
  path: Assets/Scripts/GameManager.cs
  artifactKey: Guid(ea0e6f38c21d24142802c82d444d8d34) Importer(815301076,1909f56bfc062723c751e8b465ee728b)
Start importing Assets/Scripts/GameManager.cs using Guid(ea0e6f38c21d24142802c82d444d8d34) Importer(815301076,1909f56bfc062723c751e8b465ee728b)  -> (artifact id: 'f0a9fa89ff8671ce1863a5a5fd364065') in 0.686816 seconds 
  Import took 0.719501 seconds .

========================================================================
Received Import Request.
  Time since last request: 0.007751 seconds.
  path: Assets/Scripts/Launcher.cs
  artifactKey: Guid(951a4013de2a74877b099f465ca3c8f5) Importer(815301076,1909f56bfc062723c751e8b465ee728b)
Start importing Assets/Scripts/Launcher.cs using Guid(951a4013de2a74877b099f465ca3c8f5) Importer(815301076,1909f56bfc062723c751e8b465ee728b)  -> (artifact id: '19ee3248ea8a0affc90fcc8f519911a6') in 0.006733 seconds 
  Import took 0.014062 seconds .

========================================================================
Received Prepare
Registering precompiled user dll's ...
Registered in 0.007262 seconds.
Begin MonoManager ReloadAssembly
Native extension for OSXStandalone target not found
Refreshing native plugins compatible for Editor in 0.72 ms, found 3 plugins.
Preloading 0 native plugins for Editor in 0.00 ms.
Mono: successfully reloaded assembly
- Completed reload, in  2.083 seconds
Domain Reload Profiling:
	ReloadAssembly (2122ms)
		BeginReloadAssembly (346ms)
			ExecutionOrderSort (0ms)
			DisableScriptedObjects (25ms)
			BackupInstance (0ms)
			ReleaseScriptingObjects (0ms)
			CreateAndSetChildDomain (200ms)
		EndReloadAssembly (1679ms)
			LoadAssemblies (119ms)
			RebuildTransferFunctionScriptingTraits (0ms)
			SetupTypeCache (530ms)
			ReleaseScriptCaches (1ms)
			RebuildScriptCaches (79ms)
			SetupLoadedEditorAssemblies (713ms)
				LogAssemblyErrors (0ms)
				InitializePlatformSupportModulesInManaged (7ms)
				SetLoadedEditorAssemblies (1ms)
				RefreshPlugins (1ms)
				BeforeProcessingInitializeOnLoad (183ms)
				ProcessInitializeOnLoadAttributes (481ms)
				ProcessInitializeOnLoadMethodAttributes (37ms)
				AfterProcessingInitializeOnLoad (3ms)
				EditorAssembliesLoaded (0ms)
			ExecutionOrderSort2 (0ms)
			AwakeInstancesAfterBackupRestoration (27ms)
Platform modules already initialized, skipping
Refreshing native plugins compatible for Editor in 1.08 ms, found 3 plugins.
Preloading 0 native plugins for Editor in 0.00 ms.
Unloading 2317 Unused Serialized files (Serialized files now loaded: 0)
System memory in use before: 206.5 MB.
System memory in use after: 206.7 MB.

Unloading 22 unused Assets to reduce memory usage. Loaded Objects now: 2806.
Total: 13.226773 ms (FindLiveObjects: 1.833694 ms CreateObjectMapping: 0.705539 ms MarkObjects: 10.639566 ms  DeleteObjects: 0.044479 ms)

AssetImportParameters requested are different than current active one (requested -> active):
  custom:video-decoder-ogg-theora: a1e56fd34408186e4bbccfd4996cb3dc -> 
  custom:container-muxer-webm: aa71ff27fc2769a1b78a27578f13a17b -> 
  custom:container-demuxer-webm: 4f35f7cbe854078d1ac9338744f61a02 -> 
  custom:container-demuxer-ogg: 62fdf1f143b41e24485cea50d1cbac27 -> 
  custom:video-encoder-webm-vp8: eb34c28f22e8b96e1ab97ce403110664 -> 
  custom:framework-osx-AVFoundation: b23960f63f64bdc6ff669e2cdcee2391 -> 
  custom:video-decoder-webm-vp8: 9c59270c3fd7afecdb556c50c9e8de78 -> 
  custom:audio-decoder-ogg-vorbis: bf7c407c2cedff20999df2af8eb42d56 -> 
  custom:audio-encoder-webm-vorbis: bf7c407c2cedff20999df2af8eb42d56 -> 
========================================================================
Received Prepare
Registering precompiled user dll's ...
Registered in 0.009247 seconds.
Begin MonoManager ReloadAssembly
Native extension for OSXStandalone target not found
Refreshing native plugins compatible for Editor in 0.84 ms, found 3 plugins.
Preloading 0 native plugins for Editor in 0.00 ms.
Mono: successfully reloaded assembly
- Completed reload, in  3.000 seconds
Domain Reload Profiling:
	ReloadAssembly (3005ms)
		BeginReloadAssembly (715ms)
			ExecutionOrderSort (0ms)
			DisableScriptedObjects (28ms)
			BackupInstance (0ms)
			ReleaseScriptingObjects (0ms)
			CreateAndSetChildDomain (551ms)
		EndReloadAssembly (2152ms)
			LoadAssemblies (266ms)
			RebuildTransferFunctionScriptingTraits (0ms)
			SetupTypeCache (751ms)
			ReleaseScriptCaches (2ms)
			RebuildScriptCaches (112ms)
			SetupLoadedEditorAssemblies (769ms)
				LogAssemblyErrors (0ms)
				InitializePlatformSupportModulesInManaged (9ms)
				SetLoadedEditorAssemblies (1ms)
				RefreshPlugins (1ms)
				BeforeProcessingInitializeOnLoad (207ms)
				ProcessInitializeOnLoadAttributes (534ms)
				ProcessInitializeOnLoadMethodAttributes (14ms)
				AfterProcessingInitializeOnLoad (2ms)
				EditorAssembliesLoaded (0ms)
			ExecutionOrderSort2 (0ms)
			AwakeInstancesAfterBackupRestoration (20ms)
Platform modules already initialized, skipping
Refreshing native plugins compatible for Editor in 0.90 ms, found 3 plugins.
Preloading 0 native plugins for Editor in 0.00 ms.
Unloading 2317 Unused Serialized files (Serialized files now loaded: 0)
System memory in use before: 206.8 MB.
System memory in use after: 207.0 MB.

Unloading 21 unused Assets to reduce memory usage. Loaded Objects now: 2810.
Total: 5.102760 ms (FindLiveObjects: 0.448980 ms CreateObjectMapping: 0.160070 ms MarkObjects: 4.460865 ms  DeleteObjects: 0.031526 ms)

AssetImportParameters requested are different than current active one (requested -> active):
  custom:video-decoder-ogg-theora: a1e56fd34408186e4bbccfd4996cb3dc -> 
  custom:container-muxer-webm: aa71ff27fc2769a1b78a27578f13a17b -> 
  custom:container-demuxer-webm: 4f35f7cbe854078d1ac9338744f61a02 -> 
  custom:container-demuxer-ogg: 62fdf1f143b41e24485cea50d1cbac27 -> 
  custom:video-encoder-webm-vp8: eb34c28f22e8b96e1ab97ce403110664 -> 
  custom:framework-osx-AVFoundation: b23960f63f64bdc6ff669e2cdcee2391 -> 
  custom:video-decoder-webm-vp8: 9c59270c3fd7afecdb556c50c9e8de78 -> 
  custom:audio-decoder-ogg-vorbis: bf7c407c2cedff20999df2af8eb42d56 -> 
  custom:audio-encoder-webm-vorbis: bf7c407c2cedff20999df2af8eb42d56 -> 
========================================================================
Received Import Request.
  Time since last request: 144.050071 seconds.
  path: Assets/Scripts/GameManager.cs
  artifactKey: Guid(ea0e6f38c21d24142802c82d444d8d34) Importer(815301076,1909f56bfc062723c751e8b465ee728b)
Start importing Assets/Scripts/GameManager.cs using Guid(ea0e6f38c21d24142802c82d444d8d34) Importer(815301076,1909f56bfc062723c751e8b465ee728b)  -> (artifact id: 'c88cc024526e1b08dff93dab3074cd39') in 0.012772 seconds 
  Import took 0.019136 seconds .

========================================================================
Received Prepare
Registering precompiled user dll's ...
Registered in 0.010204 seconds.
Begin MonoManager ReloadAssembly
Native extension for OSXStandalone target not found
Refreshing native plugins compatible for Editor in 1.04 ms, found 3 plugins.
Preloading 0 native plugins for Editor in 0.00 ms.
Mono: successfully reloaded assembly
- Completed reload, in  2.514 seconds
Domain Reload Profiling:
	ReloadAssembly (2517ms)
		BeginReloadAssembly (356ms)
			ExecutionOrderSort (0ms)
			DisableScriptedObjects (24ms)
			BackupInstance (0ms)
			ReleaseScriptingObjects (0ms)
			CreateAndSetChildDomain (205ms)
		EndReloadAssembly (2021ms)
			LoadAssemblies (154ms)
			RebuildTransferFunctionScriptingTraits (0ms)
			SetupTypeCache (713ms)
			ReleaseScriptCaches (2ms)
			RebuildScriptCaches (107ms)
			SetupLoadedEditorAssemblies (788ms)
				LogAssemblyErrors (0ms)
				InitializePlatformSupportModulesInManaged (9ms)
				SetLoadedEditorAssemblies (1ms)
				RefreshPlugins (1ms)
				BeforeProcessingInitializeOnLoad (221ms)
				ProcessInitializeOnLoadAttributes (537ms)
				ProcessInitializeOnLoadMethodAttributes (15ms)
				AfterProcessingInitializeOnLoad (2ms)
				EditorAssembliesLoaded (0ms)
			ExecutionOrderSort2 (0ms)
			AwakeInstancesAfterBackupRestoration (21ms)
Platform modules already initialized, skipping
Refreshing native plugins compatible for Editor in 0.74 ms, found 3 plugins.
Preloading 0 native plugins for Editor in 0.00 ms.
Unloading 2317 Unused Serialized files (Serialized files now loaded: 0)
System memory in use before: 207.0 MB.
System memory in use after: 207.2 MB.

Unloading 21 unused Assets to reduce memory usage. Loaded Objects now: 2814.
Total: 6.265569 ms (FindLiveObjects: 0.501000 ms CreateObjectMapping: 0.189248 ms MarkObjects: 5.517081 ms  DeleteObjects: 0.056184 ms)

AssetImportParameters requested are different than current active one (requested -> active):
  custom:video-decoder-ogg-theora: a1e56fd34408186e4bbccfd4996cb3dc -> 
  custom:container-muxer-webm: aa71ff27fc2769a1b78a27578f13a17b -> 
  custom:container-demuxer-webm: 4f35f7cbe854078d1ac9338744f61a02 -> 
  custom:container-demuxer-ogg: 62fdf1f143b41e24485cea50d1cbac27 -> 
  custom:video-encoder-webm-vp8: eb34c28f22e8b96e1ab97ce403110664 -> 
  custom:framework-osx-AVFoundation: b23960f63f64bdc6ff669e2cdcee2391 -> 
  custom:video-decoder-webm-vp8: 9c59270c3fd7afecdb556c50c9e8de78 -> 
  custom:audio-decoder-ogg-vorbis: bf7c407c2cedff20999df2af8eb42d56 -> 
  custom:audio-encoder-webm-vorbis: bf7c407c2cedff20999df2af8eb42d56 -> 
========================================================================
Received Import Request.
  Time since last request: 117.028627 seconds.
  path: Assets/Scripts/GameManager.cs
  artifactKey: Guid(ea0e6f38c21d24142802c82d444d8d34) Importer(815301076,1909f56bfc062723c751e8b465ee728b)
Start importing Assets/Scripts/GameManager.cs using Guid(ea0e6f38c21d24142802c82d444d8d34) Importer(815301076,1909f56bfc062723c751e8b465ee728b)  -> (artifact id: 'c6df9acb07ec2dfa233d13609f0573dd') in 0.013224 seconds 
  Import took 0.020944 seconds .

========================================================================
Received Import Request.
  Time since last request: 63.017964 seconds.
  path: Assets/Scripts/GameManager.cs
  artifactKey: Guid(ea0e6f38c21d24142802c82d444d8d34) Importer(815301076,1909f56bfc062723c751e8b465ee728b)
Start importing Assets/Scripts/GameManager.cs using Guid(ea0e6f38c21d24142802c82d444d8d34) Importer(815301076,1909f56bfc062723c751e8b465ee728b)  -> (artifact id: 'ac2f79a3be499176d44443cc32245f6e') in 0.041788 seconds 
  Import took 0.100249 seconds .

========================================================================
Received Prepare
Registering precompiled user dll's ...
Registered in 0.008352 seconds.
Begin MonoManager ReloadAssembly
Native extension for OSXStandalone target not found
Refreshing native plugins compatible for Editor in 0.69 ms, found 3 plugins.
Preloading 0 native plugins for Editor in 0.00 ms.
Mono: successfully reloaded assembly
- Completed reload, in  2.404 seconds
Domain Reload Profiling:
	ReloadAssembly (2407ms)
		BeginReloadAssembly (363ms)
			ExecutionOrderSort (0ms)
			DisableScriptedObjects (26ms)
			BackupInstance (0ms)
			ReleaseScriptingObjects (0ms)
			CreateAndSetChildDomain (197ms)
		EndReloadAssembly (1918ms)
			LoadAssemblies (205ms)
			RebuildTransferFunctionScriptingTraits (0ms)
			SetupTypeCache (639ms)
			ReleaseScriptCaches (2ms)
			RebuildScriptCaches (151ms)
			SetupLoadedEditorAssemblies (689ms)
				LogAssemblyErrors (0ms)
				InitializePlatformSupportModulesInManaged (8ms)
				SetLoadedEditorAssemblies (1ms)
				RefreshPlugins (1ms)
				BeforeProcessingInitializeOnLoad (194ms)
				ProcessInitializeOnLoadAttributes (470ms)
				ProcessInitializeOnLoadMethodAttributes (13ms)
				AfterProcessingInitializeOnLoad (2ms)
				EditorAssembliesLoaded (0ms)
			ExecutionOrderSort2 (0ms)
			AwakeInstancesAfterBackupRestoration (18ms)
Platform modules already initialized, skipping
Refreshing native plugins compatible for Editor in 0.63 ms, found 3 plugins.
Preloading 0 native plugins for Editor in 0.00 ms.
Unloading 2317 Unused Serialized files (Serialized files now loaded: 0)
System memory in use before: 207.2 MB.
System memory in use after: 207.4 MB.

Unloading 21 unused Assets to reduce memory usage. Loaded Objects now: 2818.
Total: 5.312575 ms (FindLiveObjects: 0.456860 ms CreateObjectMapping: 0.247908 ms MarkObjects: 4.549408 ms  DeleteObjects: 0.056529 ms)

AssetImportParameters requested are different than current active one (requested -> active):
  custom:video-decoder-ogg-theora: a1e56fd34408186e4bbccfd4996cb3dc -> 
  custom:container-muxer-webm: aa71ff27fc2769a1b78a27578f13a17b -> 
  custom:container-demuxer-webm: 4f35f7cbe854078d1ac9338744f61a02 -> 
  custom:container-demuxer-ogg: 62fdf1f143b41e24485cea50d1cbac27 -> 
  custom:video-encoder-webm-vp8: eb34c28f22e8b96e1ab97ce403110664 -> 
  custom:framework-osx-AVFoundation: b23960f63f64bdc6ff669e2cdcee2391 -> 
  custom:video-decoder-webm-vp8: 9c59270c3fd7afecdb556c50c9e8de78 -> 
  custom:audio-decoder-ogg-vorbis: bf7c407c2cedff20999df2af8eb42d56 -> 
  custom:audio-encoder-webm-vorbis: bf7c407c2cedff20999df2af8eb42d56 -> 
========================================================================
Received Import Request.
  Time since last request: 179.161284 seconds.
  path: Assets/Scripts/GameManager.cs
  artifactKey: Guid(ea0e6f38c21d24142802c82d444d8d34) Importer(815301076,1909f56bfc062723c751e8b465ee728b)
Start importing Assets/Scripts/GameManager.cs using Guid(ea0e6f38c21d24142802c82d444d8d34) Importer(815301076,1909f56bfc062723c751e8b465ee728b)  -> (artifact id: '1b3799e1e9c989c380b829825bbbff17') in 0.012006 seconds 
  Import took 0.018927 seconds .

========================================================================
Received Import Request.
  Time since last request: 26.926509 seconds.
  path: Assets/Scenes/Launcher.unity
  artifactKey: Guid(5cd86c044f39b4b8e8a26be9020ad344) Importer(815301076,1909f56bfc062723c751e8b465ee728b)
Start importing Assets/Scenes/Launcher.unity using Guid(5cd86c044f39b4b8e8a26be9020ad344) Importer(815301076,1909f56bfc062723c751e8b465ee728b)  -> (artifact id: 'd81b4d0fdb0f657d2e23101d68c57ea2') in 0.023399 seconds 
  Import took 0.029805 seconds .

========================================================================
Received Import Request.
  Time since last request: 3.030738 seconds.
  path: Assets/Scenes/Room for 1.unity
  artifactKey: Guid(091156bc15b6c4319854b2a5de64ee64) Importer(815301076,1909f56bfc062723c751e8b465ee728b)
Start importing Assets/Scenes/Room for 1.unity using Guid(091156bc15b6c4319854b2a5de64ee64) Importer(815301076,1909f56bfc062723c751e8b465ee728b)  -> (artifact id: '6969098d2b0e7a46e559ba146226143b') in 0.002295 seconds 
  Import took 0.012508 seconds .

========================================================================
Received Import Request.
  Time since last request: 106.778479 seconds.
  path: Assets/Photon/PhotonUnityNetworking/Demos/DemoAsteroids/Resources/BigAsteroid.prefab
  artifactKey: Guid(15f43343ba0a60e47a63d28496373c3f) Importer(815301076,1909f56bfc062723c751e8b465ee728b)
Start importing Assets/Photon/PhotonUnityNetworking/Demos/DemoAsteroids/Resources/BigAsteroid.prefab using Guid(15f43343ba0a60e47a63d28496373c3f) Importer(815301076,1909f56bfc062723c751e8b465ee728b)  -> (artifact id: 'f62f81e95b409822bc6ac33bdc5c7b89') in 1.359399 seconds 
  Import took 1.368889 seconds .

========================================================================
Received Import Request.
  Time since last request: 0.004112 seconds.
  path: Assets/Photon/PhotonUnityNetworking/Demos/PunBasics-Tutorial/Resources/My Robot Kyle -done-.prefab
  artifactKey: Guid(fe764102aa5aa431795da15fa2dec0e2) Importer(815301076,1909f56bfc062723c751e8b465ee728b)
Start importing Assets/Photon/PhotonUnityNetworking/Demos/PunBasics-Tutorial/Resources/My Robot Kyle -done-.prefab using Guid(fe764102aa5aa431795da15fa2dec0e2) Importer(815301076,1909f56bfc062723c751e8b465ee728b)  -> (artifact id: '09e290a68b562616c10c3f551fa034f2') in 0.694356 seconds 
  Import took 0.701875 seconds .

========================================================================
Received Import Request.
  Time since last request: 0.000356 seconds.
  path: Assets/Photon/PhotonUnityNetworking/Demos/PunBasics-Tutorial/Prefabs/Quit Room Button.prefab
  artifactKey: Guid(b19bb80838bcf4457bf6f50a19c5593b) Importer(815301076,1909f56bfc062723c751e8b465ee728b)
Start importing Assets/Photon/PhotonUnityNetworking/Demos/PunBasics-Tutorial/Prefabs/Quit Room Button.prefab using Guid(b19bb80838bcf4457bf6f50a19c5593b) Importer(815301076,1909f56bfc062723c751e8b465ee728b)  -> (artifact id: '28d4685a83d8c2b409707efa0ec0ee27') in 0.021441 seconds 
  Import took 0.028092 seconds .

========================================================================
Received Import Request.
  Time since last request: 0.000267 seconds.
  path: Assets/Photon/PhotonUnityNetworking/Demos/DemoSlotRacer/Resources/Player Controller.prefab
  artifactKey: Guid(c9248d8e58293473bb27cf2f5505f88b) Importer(815301076,1909f56bfc062723c751e8b465ee728b)
Start importing Assets/Photon/PhotonUnityNetworking/Demos/DemoSlotRacer/Resources/Player Controller.prefab using Guid(c9248d8e58293473bb27cf2f5505f88b) Importer(815301076,1909f56bfc062723c751e8b465ee728b)  -> (artifact id: '93f91f562be53eda9907ba2f63c81514') in 0.059380 seconds 
  Import took 0.065379 seconds .

========================================================================
Received Import Request.
  Time since last request: 0.000311 seconds.
  path: Packages/com.unity.2d.spriteshape/Editor/ObjectMenuCreation/DefaultAssets/Sprite Shapes/Open Sprite Shape.prefab
  artifactKey: Guid(86ae7de409eb54f619fb1328e4d42480) Importer(815301076,1909f56bfc062723c751e8b465ee728b)
Start importing Packages/com.unity.2d.spriteshape/Editor/ObjectMenuCreation/DefaultAssets/Sprite Shapes/Open Sprite Shape.prefab using Guid(86ae7de409eb54f619fb1328e4d42480) Importer(815301076,1909f56bfc062723c751e8b465ee728b)  -> (artifact id: '1cd094d74455b6e3ebbdb90683f10d20') in 0.091069 seconds 
  Import took 0.096631 seconds .

========================================================================
Received Import Request.
  Time since last request: 0.000279 seconds.
  path: Assets/Photon/PhotonUnityNetworking/Demos/DemoAsteroids/Prefabs/RoomListEntry.prefab
  artifactKey: Guid(03c5e15309335324fba99d68e38cb08b) Importer(815301076,1909f56bfc062723c751e8b465ee728b)
Start importing Assets/Photon/PhotonUnityNetworking/Demos/DemoAsteroids/Prefabs/RoomListEntry.prefab using Guid(03c5e15309335324fba99d68e38cb08b) Importer(815301076,1909f56bfc062723c751e8b465ee728b)  -> (artifact id: '14146ac71037af2703afb62b2d0afd69') in 0.013708 seconds 
  Import took 0.019744 seconds .

========================================================================
Received Import Request.
  Time since last request: 0.000305 seconds.
  path: Assets/Photon/PhotonUnityNetworking/Demos/PunBasics-Tutorial/Prefabs/Demo Intro UI.prefab
  artifactKey: Guid(f773d1fa10a4f4e0d88490eab5d5b46d) Importer(815301076,1909f56bfc062723c751e8b465ee728b)
Start importing Assets/Photon/PhotonUnityNetworking/Demos/PunBasics-Tutorial/Prefabs/Demo Intro UI.prefab using Guid(f773d1fa10a4f4e0d88490eab5d5b46d) Importer(815301076,1909f56bfc062723c751e8b465ee728b)  -> (artifact id: '59a7d599ebecba80673a51a1c539aa25') in 0.010426 seconds 
  Import took 0.016079 seconds .

========================================================================
Received Import Request.
  Time since last request: 0.000340 seconds.
  path: Assets/Photon/PhotonUnityNetworking/Demos/PunBasics-Tutorial/Prefabs/Game Manager.prefab
  artifactKey: Guid(b7fe671fa5d4d4772a4b20715fb9b0ff) Importer(815301076,1909f56bfc062723c751e8b465ee728b)
Start importing Assets/Photon/PhotonUnityNetworking/Demos/PunBasics-Tutorial/Prefabs/Game Manager.prefab using Guid(b7fe671fa5d4d4772a4b20715fb9b0ff) Importer(815301076,1909f56bfc062723c751e8b465ee728b)  -> (artifact id: '128bb6bcfcca8e8780657b59a4a12a88') in 0.009537 seconds 
  Import took 0.015737 seconds .

========================================================================
Received Import Request.
  Time since last request: 0.000243 seconds.
  path: Assets/Photon/PhotonUnityNetworking/Demos/Shared Assets/Prefabs/PointerPrefab.prefab
  artifactKey: Guid(9c6977a9ecda14e4e96ea3a71c749c2c) Importer(815301076,1909f56bfc062723c751e8b465ee728b)
Start importing Assets/Photon/PhotonUnityNetworking/Demos/Shared Assets/Prefabs/PointerPrefab.prefab using Guid(9c6977a9ecda14e4e96ea3a71c749c2c) Importer(815301076,1909f56bfc062723c751e8b465ee728b)  -> (artifact id: 'bc9aba2c98164fd62d336f81ef4fc679') in 0.233518 seconds 
  Import took 0.238296 seconds .

========================================================================
Received Import Request.
  Time since last request: 0.000336 seconds.
  path: Packages/com.unity.2d.spriteshape/Editor/ObjectMenuCreation/DefaultAssets/Sprite Shapes/Closed Sprite Shape.prefab
  artifactKey: Guid(c0583b4e855c74b8c82e7b9b5efb5ce9) Importer(815301076,1909f56bfc062723c751e8b465ee728b)
Start importing Packages/com.unity.2d.spriteshape/Editor/ObjectMenuCreation/DefaultAssets/Sprite Shapes/Closed Sprite Shape.prefab using Guid(c0583b4e855c74b8c82e7b9b5efb5ce9) Importer(815301076,1909f56bfc062723c751e8b465ee728b)  -> (artifact id: 'c5c845828cede3f25819031102be01e1') in 0.010063 seconds 
  Import took 0.014547 seconds .

========================================================================
Received Import Request.
  Time since last request: 0.000315 seconds.
  path: Assets/Photon/PhotonUnityNetworking/Demos/DemoSlotRacer/Prefabs/SlotCar_A.prefab
  artifactKey: Guid(4910a004464ca4efa808af20d2eb1e15) Importer(815301076,1909f56bfc062723c751e8b465ee728b)
Start importing Assets/Photon/PhotonUnityNetworking/Demos/DemoSlotRacer/Prefabs/SlotCar_A.prefab using Guid(4910a004464ca4efa808af20d2eb1e15) Importer(815301076,1909f56bfc062723c751e8b465ee728b)  -> (artifact id: '63457b2421aaf2d329ae00bdfbb29aef') in 0.143104 seconds 
  Import took 0.148405 seconds .

========================================================================
Received Import Request.
  Time since last request: 0.000317 seconds.
  path: Assets/Photon/PhotonUnityNetworking/Demos/Shared Assets/Prefabs/UI/Button Regular.prefab
  artifactKey: Guid(395d3cc3d7cf0014a870fee72cbd3490) Importer(815301076,1909f56bfc062723c751e8b465ee728b)
Start importing Assets/Photon/PhotonUnityNetworking/Demos/Shared Assets/Prefabs/UI/Button Regular.prefab using Guid(395d3cc3d7cf0014a870fee72cbd3490) Importer(815301076,1909f56bfc062723c751e8b465ee728b)  -> (artifact id: '55381e101204efc6ac77ec9325e1d3e0') in 0.007677 seconds 
  Import took 0.012460 seconds .

========================================================================
Received Import Request.
  Time since last request: 0.000279 seconds.
  path: Assets/Photon/PhotonUnityNetworking/Demos/DemoAsteroids/Prefabs/PlayerListEntry.prefab
  artifactKey: Guid(d68bf8413681d9b4aa7328277e632e3f) Importer(815301076,1909f56bfc062723c751e8b465ee728b)
Start importing Assets/Photon/PhotonUnityNetworking/Demos/DemoAsteroids/Prefabs/PlayerListEntry.prefab using Guid(d68bf8413681d9b4aa7328277e632e3f) Importer(815301076,1909f56bfc062723c751e8b465ee728b)  -> (artifact id: '1f6dcf6522b3dba9a7b4791d07b8c86c') in 0.008953 seconds 
  Import took 0.015781 seconds .

========================================================================
Received Import Request.
  Time since last request: 0.000305 seconds.
  path: Assets/Photon/PhotonUnityNetworking/Demos/PunBasics-Tutorial/Prefabs/Player UI.prefab
  artifactKey: Guid(e41946a981c3b444a84d15eb7c608ca4) Importer(815301076,1909f56bfc062723c751e8b465ee728b)
Start importing Assets/Photon/PhotonUnityNetworking/Demos/PunBasics-Tutorial/Prefabs/Player UI.prefab using Guid(e41946a981c3b444a84d15eb7c608ca4) Importer(815301076,1909f56bfc062723c751e8b465ee728b)  -> (artifact id: '6c8af7ba85314f081d641fe7fee5d17e') in 0.006265 seconds 
  Import took 0.012793 seconds .

========================================================================
Received Import Request.
  Time since last request: 0.000246 seconds.
  path: Assets/Photon/PhotonUnityNetworking/Demos/DemoSlotRacer/Prefabs/SlotCar_B.prefab
  artifactKey: Guid(71e3000ee30414d368eeee6d87961b6d) Importer(815301076,1909f56bfc062723c751e8b465ee728b)
Start importing Assets/Photon/PhotonUnityNetworking/Demos/DemoSlotRacer/Prefabs/SlotCar_B.prefab using Guid(71e3000ee30414d368eeee6d87961b6d) Importer(815301076,1909f56bfc062723c751e8b465ee728b)  -> (artifact id: '6ee54bcd0a961991c67c7e67c39f8669') in 0.015991 seconds 
  Import took 0.021762 seconds .

========================================================================
Received Import Request.
  Time since last request: 0.000313 seconds.
  path: Assets/Photon/PhotonUnityNetworking/Demos/DemoSlotRacer/Prefabs/SlotCar_C.prefab
  artifactKey: Guid(1fd2963e35ed24ba89705127fca0fba1) Importer(815301076,1909f56bfc062723c751e8b465ee728b)
Start importing Assets/Photon/PhotonUnityNetworking/Demos/DemoSlotRacer/Prefabs/SlotCar_C.prefab using Guid(1fd2963e35ed24ba89705127fca0fba1) Importer(815301076,1909f56bfc062723c751e8b465ee728b)  -> (artifact id: '1e163e4f58b92c7410467a0bfb1ce272') in 0.016125 seconds 
  Import took 0.021966 seconds .

========================================================================
Received Import Request.
  Time since last request: 0.000308 seconds.
  path: Assets/Photon/PhotonUnityNetworking/Demos/Shared Assets/Prefabs/UI/Tooltip.prefab
  artifactKey: Guid(87d5aa043215a47cba8b74ae3490a936) Importer(815301076,1909f56bfc062723c751e8b465ee728b)
Start importing Assets/Photon/PhotonUnityNetworking/Demos/Shared Assets/Prefabs/UI/Tooltip.prefab using Guid(87d5aa043215a47cba8b74ae3490a936) Importer(815301076,1909f56bfc062723c751e8b465ee728b)  -> (artifact id: '25c9b2a817813e6d5cb12edd687c301c') in 0.006304 seconds 
  Import took 0.010349 seconds .

========================================================================
Received Import Request.
  Time since last request: 0.000254 seconds.
  path: Assets/Photon/PhotonUnityNetworking/Demos/DemoAsteroids/Prefabs/PlayerOverviewEntry.prefab
  artifactKey: Guid(f03d1c686a26a1d4da99a4186b0bb1ab) Importer(815301076,1909f56bfc062723c751e8b465ee728b)
Start importing Assets/Photon/PhotonUnityNetworking/Demos/DemoAsteroids/Prefabs/PlayerOverviewEntry.prefab using Guid(f03d1c686a26a1d4da99a4186b0bb1ab) Importer(815301076,1909f56bfc062723c751e8b465ee728b)  -> (artifact id: '16a637af20fe52303d0e6baf16f28f60') in 0.005134 seconds 
  Import took 0.009561 seconds .

========================================================================
Received Import Request.
  Time since last request: 0.000254 seconds.
  path: Assets/Photon/PhotonUnityNetworking/Demos/PunCockpit/Prefabs/Tab Toggle.prefab
  artifactKey: Guid(192c18d73e55e466d89edd9bc2ab936d) Importer(815301076,1909f56bfc062723c751e8b465ee728b)
Start importing Assets/Photon/PhotonUnityNetworking/Demos/PunCockpit/Prefabs/Tab Toggle.prefab using Guid(192c18d73e55e466d89edd9bc2ab936d) Importer(815301076,1909f56bfc062723c751e8b465ee728b)  -> (artifact id: 'c452423008d39b956027619e63f91810') in 0.015104 seconds 
  Import took 0.019885 seconds .

========================================================================
Received Import Request.
  Time since last request: 0.000271 seconds.
  path: Assets/Photon/PhotonUnityNetworking/Demos/PunCockpit/Prefabs/Help Button.prefab
  artifactKey: Guid(cf998ac0cf60141c597aecb3a8ffad74) Importer(815301076,1909f56bfc062723c751e8b465ee728b)
Start importing Assets/Photon/PhotonUnityNetworking/Demos/PunCockpit/Prefabs/Help Button.prefab using Guid(cf998ac0cf60141c597aecb3a8ffad74) Importer(815301076,1909f56bfc062723c751e8b465ee728b)  -> (artifact id: '733f7e2993b69da9abedb7f54c4782ea') in 0.024324 seconds 
  Import took 0.029910 seconds .

========================================================================
Received Import Request.
  Time since last request: 0.000364 seconds.
  path: Assets/Photon/PhotonUnityNetworking/Demos/Shared Assets/Prefabs/UI/Toggle Regular.prefab
  artifactKey: Guid(82b2227f60269dd46b9a921faca9dc1f) Importer(815301076,1909f56bfc062723c751e8b465ee728b)
Start importing Assets/Photon/PhotonUnityNetworking/Demos/Shared Assets/Prefabs/UI/Toggle Regular.prefab using Guid(82b2227f60269dd46b9a921faca9dc1f) Importer(815301076,1909f56bfc062723c751e8b465ee728b)  -> (artifact id: '9d601ffc38ece5d884fbddb01fd16fff') in 0.006138 seconds 
  Import took 0.012331 seconds .

========================================================================
Received Import Request.
  Time since last request: 0.000348 seconds.
  path: Assets/Photon/PhotonUnityNetworking/Demos/DemoAsteroids/Prefabs/Bullet.prefab
  artifactKey: Guid(5624ee9da9d10514ea7b808e83979c85) Importer(815301076,1909f56bfc062723c751e8b465ee728b)
Start importing Assets/Photon/PhotonUnityNetworking/Demos/DemoAsteroids/Prefabs/Bullet.prefab using Guid(5624ee9da9d10514ea7b808e83979c85) Importer(815301076,1909f56bfc062723c751e8b465ee728b)  -> (artifact id: '99e76a9216216f9b646a912477bc7563') in 0.066828 seconds 
  Import took 0.072240 seconds .

========================================================================
Received Import Request.
  Time since last request: 0.000279 seconds.
  path: Assets/Photon/PhotonUnityNetworking/Demos/DemoAsteroids/Resources/SmallAsteroid.prefab
  artifactKey: Guid(18a79aea49b60d342b7a672b7a34edbe) Importer(815301076,1909f56bfc062723c751e8b465ee728b)
Start importing Assets/Photon/PhotonUnityNetworking/Demos/DemoAsteroids/Resources/SmallAsteroid.prefab using Guid(18a79aea49b60d342b7a672b7a34edbe) Importer(815301076,1909f56bfc062723c751e8b465ee728b)  -> (artifact id: '75f36998286876c09b8f301154c1b3b0') in 0.013202 seconds 
  Import took 0.017998 seconds .

========================================================================
Received Import Request.
  Time since last request: 0.000262 seconds.
  path: Assets/Photon/PhotonUnityNetworking/Demos/DemoAsteroids/Resources/Spaceship.prefab
  artifactKey: Guid(775dd0a15ad25a544b33ad40ef0da1f0) Importer(815301076,1909f56bfc062723c751e8b465ee728b)
Start importing Assets/Photon/PhotonUnityNetworking/Demos/DemoAsteroids/Resources/Spaceship.prefab using Guid(775dd0a15ad25a544b33ad40ef0da1f0) Importer(815301076,1909f56bfc062723c751e8b465ee728b)  -> (artifact id: '41cdcf249932fc84c9396f0dc502e60f') in 0.275659 seconds 
  Import took 0.281889 seconds .

========================================================================
Received Import Request.
  Time since last request: 0.000302 seconds.
  path: Assets/Photon/PhotonUnityNetworking/Demos/DemoSlotRacer/Prefabs/SlotCar_D.prefab
  artifactKey: Guid(9db296b8bb78143c1a5f7fa8f611967e) Importer(815301076,1909f56bfc062723c751e8b465ee728b)
Start importing Assets/Photon/PhotonUnityNetworking/Demos/DemoSlotRacer/Prefabs/SlotCar_D.prefab using Guid(9db296b8bb78143c1a5f7fa8f611967e) Importer(815301076,1909f56bfc062723c751e8b465ee728b)  -> (artifact id: '4f686ddf18f2ee56a95e1773f629aa49') in 0.019617 seconds 
  Import took 0.024424 seconds .

========================================================================
Received Import Request.
  Time since last request: 41.066877 seconds.
  path: Assets/Scripts/Game Manager.prefab
  artifactKey: Guid(3f4ad835e0941409e9d92a71a0eb017c) Importer(815301076,1909f56bfc062723c751e8b465ee728b)
Start importing Assets/Scripts/Game Manager.prefab using Guid(3f4ad835e0941409e9d92a71a0eb017c) Importer(815301076,1909f56bfc062723c751e8b465ee728b)  -> (artifact id: '9d47c5079b3ea5b179e145c94665e02c') in 0.008566 seconds 
  Import took 0.015280 seconds .

========================================================================
Received Import Request.
  Time since last request: 0.001580 seconds.
  path: Assets/Scripts/Game Manager.prefab
  artifactKey: Guid(3f4ad835e0941409e9d92a71a0eb017c) Importer(815301076,1909f56bfc062723c751e8b465ee728b)
Start importing Assets/Scripts/Game Manager.prefab using Guid(3f4ad835e0941409e9d92a71a0eb017c) Importer(815301076,1909f56bfc062723c751e8b465ee728b)  -> (artifact id: '9d47c5079b3ea5b179e145c94665e02c') in 0.009825 seconds 
  Import took 0.018424 seconds .

========================================================================
Received Import Request.
  Time since last request: 18.511977 seconds.
  path: Assets/Prefabs
  artifactKey: Guid(20f8cef70b2044a71bf25e671e4059ea) Importer(815301076,1909f56bfc062723c751e8b465ee728b)
Start importing Assets/Prefabs using Guid(20f8cef70b2044a71bf25e671e4059ea) Importer(815301076,1909f56bfc062723c751e8b465ee728b)  -> (artifact id: '6fe277fd7cd11b9d4fd5a94aa09304aa') in 0.005284 seconds 
  Import took 0.012959 seconds .

========================================================================
Received Import Request.
  Time since last request: 283.333924 seconds.
  path: Assets/Prefabs/Leave Button.prefab
  artifactKey: Guid(d55114ce672e841d9aec1efb8dcf9be6) Importer(815301076,1909f56bfc062723c751e8b465ee728b)
Start importing Assets/Prefabs/Leave Button.prefab using Guid(d55114ce672e841d9aec1efb8dcf9be6) Importer(815301076,1909f56bfc062723c751e8b465ee728b)  -> (artifact id: 'f54b855837f04db28f734c55bb90d0d2') in 0.040113 seconds 
  Import took 0.072832 seconds .

========================================================================
Received Import Request.
  Time since last request: 0.014291 seconds.
  path: Assets/Prefabs/Leave Button.prefab
  artifactKey: Guid(d55114ce672e841d9aec1efb8dcf9be6) Importer(815301076,1909f56bfc062723c751e8b465ee728b)
Start importing Assets/Prefabs/Leave Button.prefab using Guid(d55114ce672e841d9aec1efb8dcf9be6) Importer(815301076,1909f56bfc062723c751e8b465ee728b)  -> (artifact id: 'f54b855837f04db28f734c55bb90d0d2') in 0.005943 seconds 
  Import took 0.013099 seconds .

========================================================================
Received Import Request.
  Time since last request: 29.709481 seconds.
  path: Assets/Scenes/Room for 2.unity
  artifactKey: Guid(9b630ec77eb28421aa85fc95077a65cf) Importer(815301076,1909f56bfc062723c751e8b465ee728b)
Start importing Assets/Scenes/Room for 2.unity using Guid(9b630ec77eb28421aa85fc95077a65cf) Importer(815301076,1909f56bfc062723c751e8b465ee728b)  -> (artifact id: 'c34f9a6493171f6690c9ed9bca28de77') in 0.003871 seconds 
  Import took 0.014604 seconds .

========================================================================
Received Import Request.
  Time since last request: 99.158174 seconds.
  path: Assets/Scenes/Room for 3.unity
  artifactKey: Guid(6df52dd0c41fe4845ad1112db6a90bcb) Importer(815301076,1909f56bfc062723c751e8b465ee728b)
Start importing Assets/Scenes/Room for 3.unity using Guid(6df52dd0c41fe4845ad1112db6a90bcb) Importer(815301076,1909f56bfc062723c751e8b465ee728b)  -> (artifact id: 'dc8f517584cd3f1a02a265a2ee6cea79') in 0.005123 seconds 
  Import took 0.016195 seconds .

========================================================================
Received Import Request.
  Time since last request: 0.000767 seconds.
  path: Assets/Scenes/Room for 3.unity
  artifactKey: Guid(6df52dd0c41fe4845ad1112db6a90bcb) Importer(815301076,1909f56bfc062723c751e8b465ee728b)
Start importing Assets/Scenes/Room for 3.unity using Guid(6df52dd0c41fe4845ad1112db6a90bcb) Importer(815301076,1909f56bfc062723c751e8b465ee728b)  -> (artifact id: 'dc8f517584cd3f1a02a265a2ee6cea79') in 0.001353 seconds 
  Import took 0.008959 seconds .

========================================================================
Received Import Request.
  Time since last request: 10.747761 seconds.
  path: Assets/Scenes/Room for 1.unity
  artifactKey: Guid(091156bc15b6c4319854b2a5de64ee64) Importer(815301076,1909f56bfc062723c751e8b465ee728b)
Start importing Assets/Scenes/Room for 1.unity using Guid(091156bc15b6c4319854b2a5de64ee64) Importer(815301076,1909f56bfc062723c751e8b465ee728b)  -> (artifact id: 'ab287c63fc750d478cb38406694e3236') in 0.002265 seconds 
  Import took 0.008070 seconds .

========================================================================
Received Import Request.
  Time since last request: 14.454825 seconds.
  path: Assets/Scenes/Room for 11.unity
  artifactKey: Guid(091156bc15b6c4319854b2a5de64ee64) Importer(815301076,1909f56bfc062723c751e8b465ee728b)
Start importing Assets/Scenes/Room for 11.unity using Guid(091156bc15b6c4319854b2a5de64ee64) Importer(815301076,1909f56bfc062723c751e8b465ee728b)  -> (artifact id: '14e1aa0bfd5e48621ffa6782a9bb4903') in 0.003495 seconds 
  Import took 0.011168 seconds .

========================================================================
Received Import Request.
  Time since last request: 26.109398 seconds.
  path: Assets/Scenes/Room for 1.unity
  artifactKey: Guid(9b630ec77eb28421aa85fc95077a65cf) Importer(815301076,1909f56bfc062723c751e8b465ee728b)
Start importing Assets/Scenes/Room for 1.unity using Guid(9b630ec77eb28421aa85fc95077a65cf) Importer(815301076,1909f56bfc062723c751e8b465ee728b)  -> (artifact id: 'abc422c2a7019946f12855b44607f294') in 0.012876 seconds 
  Import took 0.064439 seconds .

========================================================================
Received Import Request.
  Time since last request: 0.001496 seconds.
  path: Assets/Scenes/Room for 1.unity
  artifactKey: Guid(9b630ec77eb28421aa85fc95077a65cf) Importer(815301076,1909f56bfc062723c751e8b465ee728b)
Start importing Assets/Scenes/Room for 1.unity using Guid(9b630ec77eb28421aa85fc95077a65cf) Importer(815301076,1909f56bfc062723c751e8b465ee728b)  -> (artifact id: 'abc422c2a7019946f12855b44607f294') in 0.005077 seconds 
  Import took 0.015136 seconds .

========================================================================
Received Import Request.
  Time since last request: 16.834605 seconds.
  path: Assets/Scenes/Room for 1.unity
  artifactKey: Guid(9b630ec77eb28421aa85fc95077a65cf) Importer(815301076,1909f56bfc062723c751e8b465ee728b)
Start importing Assets/Scenes/Room for 1.unity using Guid(9b630ec77eb28421aa85fc95077a65cf) Importer(815301076,1909f56bfc062723c751e8b465ee728b)  -> (artifact id: 'b9574b69f440b6985be7a3cc74570cc4') in 0.006389 seconds 
  Import took 0.014083 seconds .

========================================================================
Received Import Request.
  Time since last request: 17.149122 seconds.
  path: Assets/Scenes/Room for 2.unity
  artifactKey: Guid(091156bc15b6c4319854b2a5de64ee64) Importer(815301076,1909f56bfc062723c751e8b465ee728b)
Start importing Assets/Scenes/Room for 2.unity using Guid(091156bc15b6c4319854b2a5de64ee64) Importer(815301076,1909f56bfc062723c751e8b465ee728b)  -> (artifact id: 'd52aa485e0c82c92ba0e6ed81abc7cbb') in 0.004254 seconds 
  Import took 0.014878 seconds .

========================================================================
Received Import Request.
  Time since last request: 2.664115 seconds.
  path: Assets/Scenes/Room for 1.unity
  artifactKey: Guid(9b630ec77eb28421aa85fc95077a65cf) Importer(815301076,1909f56bfc062723c751e8b465ee728b)
Start importing Assets/Scenes/Room for 1.unity using Guid(9b630ec77eb28421aa85fc95077a65cf) Importer(815301076,1909f56bfc062723c751e8b465ee728b)  -> (artifact id: '62fb0af73701583aae952f497af5a7a1') in 0.002014 seconds 
  Import took 0.010503 seconds .

========================================================================
Received Import Request.
  Time since last request: 0.000914 seconds.
  path: Assets/Scenes/Room for 1.unity
  artifactKey: Guid(9b630ec77eb28421aa85fc95077a65cf) Importer(815301076,1909f56bfc062723c751e8b465ee728b)
Start importing Assets/Scenes/Room for 1.unity using Guid(9b630ec77eb28421aa85fc95077a65cf) Importer(815301076,1909f56bfc062723c751e8b465ee728b)  -> (artifact id: '62fb0af73701583aae952f497af5a7a1') in 0.003243 seconds 
  Import took 0.014907 seconds .

========================================================================
Received Import Request.
  Time since last request: 34.727135 seconds.
  path: Assets/Scenes/Room for 2.unity
  artifactKey: Guid(091156bc15b6c4319854b2a5de64ee64) Importer(815301076,1909f56bfc062723c751e8b465ee728b)
Start importing Assets/Scenes/Room for 2.unity using Guid(091156bc15b6c4319854b2a5de64ee64) Importer(815301076,1909f56bfc062723c751e8b465ee728b)  -> (artifact id: 'b3a7a8914ab626f2d0d35c977905a6e6') in 0.001568 seconds 
  Import took 0.007313 seconds .

========================================================================
Received Import Request.
  Time since last request: 0.573755 seconds.
  path: Assets/Scenes/Room for 3.unity
  artifactKey: Guid(d19524a6449ef48f99d8a9f039e54c19) Importer(815301076,1909f56bfc062723c751e8b465ee728b)
Start importing Assets/Scenes/Room for 3.unity using Guid(d19524a6449ef48f99d8a9f039e54c19) Importer(815301076,1909f56bfc062723c751e8b465ee728b)  -> (artifact id: '4c804bdcb4b18b117119f2ba3003dff5') in 0.004496 seconds 
  Import took 0.010631 seconds .

========================================================================
Received Import Request.
  Time since last request: 1.920156 seconds.
  path: Assets/Scenes/Room for 3.unity
  artifactKey: Guid(d19524a6449ef48f99d8a9f039e54c19) Importer(815301076,1909f56bfc062723c751e8b465ee728b)
Start importing Assets/Scenes/Room for 3.unity using Guid(d19524a6449ef48f99d8a9f039e54c19) Importer(815301076,1909f56bfc062723c751e8b465ee728b)  -> (artifact id: 'bb177cc9ae9f99e2f4d00f2fb1329061') in 0.002471 seconds 
  Import took 0.012863 seconds .

========================================================================
Received Import Request.
  Time since last request: 39.586422 seconds.
  path: Assets/Prefabs/Canvas.prefab
  artifactKey: Guid(655fd9efa234244d3b8bc69f8d5ed71b) Importer(815301076,1909f56bfc062723c751e8b465ee728b)
Start importing Assets/Prefabs/Canvas.prefab using Guid(655fd9efa234244d3b8bc69f8d5ed71b) Importer(815301076,1909f56bfc062723c751e8b465ee728b)  -> (artifact id: '715aaab7f472e30ce10152d8e15ed30a') in 0.057295 seconds 
  Import took 0.067474 seconds .

========================================================================
Received Import Request.
  Time since last request: 0.050287 seconds.
  path: Assets/Prefabs/Canvas.prefab
  artifactKey: Guid(655fd9efa234244d3b8bc69f8d5ed71b) Importer(815301076,1909f56bfc062723c751e8b465ee728b)
Start importing Assets/Prefabs/Canvas.prefab using Guid(655fd9efa234244d3b8bc69f8d5ed71b) Importer(815301076,1909f56bfc062723c751e8b465ee728b)  -> (artifact id: '715aaab7f472e30ce10152d8e15ed30a') in 0.004910 seconds 
  Import took 0.010058 seconds .

========================================================================
Received Import Request.
  Time since last request: 5.143575 seconds.
  path: Assets/Scenes/Room for 2.unity
  artifactKey: Guid(091156bc15b6c4319854b2a5de64ee64) Importer(815301076,1909f56bfc062723c751e8b465ee728b)
Start importing Assets/Scenes/Room for 2.unity using Guid(091156bc15b6c4319854b2a5de64ee64) Importer(815301076,1909f56bfc062723c751e8b465ee728b)  -> (artifact id: '458329eac9351a3291c474ec6531ec97') in 0.002200 seconds 
  Import took 0.012693 seconds .

========================================================================
Received Import Request.
  Time since last request: 1.197881 seconds.
  path: Assets/Scenes/Room for 1.unity
  artifactKey: Guid(9b630ec77eb28421aa85fc95077a65cf) Importer(815301076,1909f56bfc062723c751e8b465ee728b)
Start importing Assets/Scenes/Room for 1.unity using Guid(9b630ec77eb28421aa85fc95077a65cf) Importer(815301076,1909f56bfc062723c751e8b465ee728b)  -> (artifact id: '5c998955c876b36e1c395415555a640e') in 0.001674 seconds 
  Import took 0.007492 seconds .

========================================================================
Received Import Request.
  Time since last request: 13.118999 seconds.
  path: Assets/Scenes/Room for 1.unity
  artifactKey: Guid(9b630ec77eb28421aa85fc95077a65cf) Importer(815301076,1909f56bfc062723c751e8b465ee728b)
Start importing Assets/Scenes/Room for 1.unity using Guid(9b630ec77eb28421aa85fc95077a65cf) Importer(815301076,1909f56bfc062723c751e8b465ee728b)  -> (artifact id: '50177a7eb0a4e074ca389aa2de3fb271') in 0.002085 seconds 
  Import took 0.012261 seconds .

========================================================================
Received Import Request.
  Time since last request: 89.789248 seconds.
  path: Assets/Scenes/Room for 4.unity
  artifactKey: Guid(07bca59444a7c4b549a8204fb07f4169) Importer(815301076,1909f56bfc062723c751e8b465ee728b)
Start importing Assets/Scenes/Room for 4.unity using Guid(07bca59444a7c4b549a8204fb07f4169) Importer(815301076,1909f56bfc062723c751e8b465ee728b)  -> (artifact id: '5974abc5964048254642891669c1fa83') in 0.009730 seconds 
  Import took 0.048455 seconds .

========================================================================
Received Import Request.
  Time since last request: 128.546156 seconds.
  path: Assets/Scenes/Room for 3.unity
  artifactKey: Guid(d19524a6449ef48f99d8a9f039e54c19) Importer(815301076,1909f56bfc062723c751e8b465ee728b)
Start importing Assets/Scenes/Room for 3.unity using Guid(d19524a6449ef48f99d8a9f039e54c19) Importer(815301076,1909f56bfc062723c751e8b465ee728b)  -> (artifact id: 'c00ab8982c96ef01ebce5d7fe2ba8cde') in 0.003231 seconds 
  Import took 0.016493 seconds .

========================================================================
Received Import Request.
  Time since last request: 101.597302 seconds.
  path: Assets/Scenes/Room for 2.unity
  artifactKey: Guid(091156bc15b6c4319854b2a5de64ee64) Importer(815301076,1909f56bfc062723c751e8b465ee728b)
Start importing Assets/Scenes/Room for 2.unity using Guid(091156bc15b6c4319854b2a5de64ee64) Importer(815301076,1909f56bfc062723c751e8b465ee728b)  -> (artifact id: '5f362c537b3a3e6650e373b546a152b0') in 0.004995 seconds 
  Import took 0.011645 seconds .

========================================================================
Received Import Request.
  Time since last request: 1.376345 seconds.
  path: Assets/Scenes/Room for 3.unity
  artifactKey: Guid(d19524a6449ef48f99d8a9f039e54c19) Importer(815301076,1909f56bfc062723c751e8b465ee728b)
Start importing Assets/Scenes/Room for 3.unity using Guid(d19524a6449ef48f99d8a9f039e54c19) Importer(815301076,1909f56bfc062723c751e8b465ee728b)  -> (artifact id: 'd2c1bac45a97ed045abbfc17cdd998e2') in 0.002227 seconds 
  Import took 0.009372 seconds .

========================================================================
Received Import Request.
  Time since last request: 4.361407 seconds.
  path: Assets/Scenes/Room for 4.unity
  artifactKey: Guid(07bca59444a7c4b549a8204fb07f4169) Importer(815301076,1909f56bfc062723c751e8b465ee728b)
Start importing Assets/Scenes/Room for 4.unity using Guid(07bca59444a7c4b549a8204fb07f4169) Importer(815301076,1909f56bfc062723c751e8b465ee728b)  -> (artifact id: 'afa545e4463abd11227632543f799840') in 0.002866 seconds 
  Import took 0.009390 seconds .

========================================================================
Received Import Request.
  Time since last request: 78.964715 seconds.
  path: Assets/Scenes/Room for 3.unity
  artifactKey: Guid(d19524a6449ef48f99d8a9f039e54c19) Importer(815301076,1909f56bfc062723c751e8b465ee728b)
Start importing Assets/Scenes/Room for 3.unity using Guid(d19524a6449ef48f99d8a9f039e54c19) Importer(815301076,1909f56bfc062723c751e8b465ee728b)  -> (artifact id: 'b8d4ce524e1b31a080a2d9b04cf42db0') in 0.007761 seconds 
  Import took 0.049884 seconds .

========================================================================
Received Import Request.
  Time since last request: 4.845836 seconds.
  path: Assets/Scenes/Room for 4.unity
  artifactKey: Guid(07bca59444a7c4b549a8204fb07f4169) Importer(815301076,1909f56bfc062723c751e8b465ee728b)
Start importing Assets/Scenes/Room for 4.unity using Guid(07bca59444a7c4b549a8204fb07f4169) Importer(815301076,1909f56bfc062723c751e8b465ee728b)  -> (artifact id: '094243482c5555ae8f444986211a851a') in 0.002884 seconds 
  Import took 0.009838 seconds .

========================================================================
Received Import Request.
  Time since last request: 0.001732 seconds.
  path: Assets/Scenes/Room for 4.unity
  artifactKey: Guid(07bca59444a7c4b549a8204fb07f4169) Importer(815301076,1909f56bfc062723c751e8b465ee728b)
Start importing Assets/Scenes/Room for 4.unity using Guid(07bca59444a7c4b549a8204fb07f4169) Importer(815301076,1909f56bfc062723c751e8b465ee728b)  -> (artifact id: '094243482c5555ae8f444986211a851a') in 0.002991 seconds 
  Import took 0.019183 seconds .

========================================================================
Received Import Request.
  Time since last request: 8.386747 seconds.
  path: Assets/Scenes/Room for 1.unity
  artifactKey: Guid(9b630ec77eb28421aa85fc95077a65cf) Importer(815301076,1909f56bfc062723c751e8b465ee728b)
Start importing Assets/Scenes/Room for 1.unity using Guid(9b630ec77eb28421aa85fc95077a65cf) Importer(815301076,1909f56bfc062723c751e8b465ee728b)  -> (artifact id: 'c44e6545ac99563d4415dd66536a21b5') in 0.001403 seconds 
  Import took 0.008002 seconds .

========================================================================
Received Import Request.
  Time since last request: 117.294415 seconds.
  path: Assets/Scenes/Room for 1.unity
  artifactKey: Guid(9b630ec77eb28421aa85fc95077a65cf) Importer(815301076,1909f56bfc062723c751e8b465ee728b)
Start importing Assets/Scenes/Room for 1.unity using Guid(9b630ec77eb28421aa85fc95077a65cf) Importer(815301076,1909f56bfc062723c751e8b465ee728b)  -> (artifact id: '419eed2c9b9c559005db549ea245ef97') in 0.002897 seconds 
  Import took 0.014996 seconds .

========================================================================
Received Import Request.
  Time since last request: 0.002214 seconds.
  path: Assets/Scenes/Room for 1.unity
  artifactKey: Guid(9b630ec77eb28421aa85fc95077a65cf) Importer(815301076,1909f56bfc062723c751e8b465ee728b)
Start importing Assets/Scenes/Room for 1.unity using Guid(9b630ec77eb28421aa85fc95077a65cf) Importer(815301076,1909f56bfc062723c751e8b465ee728b)  -> (artifact id: '419eed2c9b9c559005db549ea245ef97') in 0.003679 seconds 
  Import took 0.013350 seconds .

